Performing C++ SOURCE FILE Test CMAKE_HAVE_LIBC_PTHREAD failed with the following output:
Change Dir: /home/jlebas01/M2/GPGPU/TP4_GPGPU/cmake-build-debug/CMakeFiles/CMakeTmp

Run Build Command(s):/usr/bin/make cmTC_0a405/fast && /usr/bin/make -f CMakeFiles/cmTC_0a405.dir/build.make CMakeFiles/cmTC_0a405.dir/build
make[1] : on entre dans le répertoire « /home/jlebas01/M2/GPGPU/TP4_GPGPU/cmake-build-debug/CMakeFiles/CMakeTmp »
Building CXX object CMakeFiles/cmTC_0a405.dir/src.cxx.o
/usr/bin/c++    -DCMAKE_HAVE_LIBC_PTHREAD   -o CMakeFiles/cmTC_0a405.dir/src.cxx.o -c /home/jlebas01/M2/GPGPU/TP4_GPGPU/cmake-build-debug/CMakeFiles/CMakeTmp/src.cxx
Linking CXX executable cmTC_0a405
/home/jlebas01/.local/share/JetBrains/Toolbox/apps/CLion/ch-0/193.6911.21/bin/cmake/linux/bin/cmake -E cmake_link_script CMakeFiles/cmTC_0a405.dir/link.txt --verbose=1
/usr/bin/c++   -DCMAKE_HAVE_LIBC_PTHREAD    CMakeFiles/cmTC_0a405.dir/src.cxx.o  -o cmTC_0a405 
/usr/bin/ld : CMakeFiles/cmTC_0a405.dir/src.cxx.o : dans la fonction « main » :
src.cxx:(.text+0x46) : référence indéfinie vers « pthread_create »
/usr/bin/ld : src.cxx:(.text+0x52) : référence indéfinie vers « pthread_detach »
/usr/bin/ld : src.cxx:(.text+0x63) : référence indéfinie vers « pthread_join »
collect2: error: ld returned 1 exit status
make[1]: *** [CMakeFiles/cmTC_0a405.dir/build.make:87: cmTC_0a405] Error 1
make[1] : on quitte le répertoire « /home/jlebas01/M2/GPGPU/TP4_GPGPU/cmake-build-debug/CMakeFiles/CMakeTmp »
make: *** [Makefile:121: cmTC_0a405/fast] Error 2


Source file was:
#include <pthread.h>

void* test_func(void* data)
{
  return data;
}

int main(void)
{
  pthread_t thread;
  pthread_create(&thread, NULL, test_func, NULL);
  pthread_detach(thread);
  pthread_join(thread, NULL);
  pthread_atfork(NULL, NULL, NULL);
  pthread_exit(NULL);

  return 0;
}

Determining if the function pthread_create exists in the pthreads failed with the following output:
Change Dir: /home/jlebas01/M2/GPGPU/TP4_GPGPU/cmake-build-debug/CMakeFiles/CMakeTmp

Run Build Command(s):/usr/bin/make cmTC_94d6a/fast && /usr/bin/make -f CMakeFiles/cmTC_94d6a.dir/build.make CMakeFiles/cmTC_94d6a.dir/build
make[1] : on entre dans le répertoire « /home/jlebas01/M2/GPGPU/TP4_GPGPU/cmake-build-debug/CMakeFiles/CMakeTmp »
Building CXX object CMakeFiles/cmTC_94d6a.dir/CheckFunctionExists.cxx.o
/usr/bin/c++    -DCHECK_FUNCTION_EXISTS=pthread_create   -o CMakeFiles/cmTC_94d6a.dir/CheckFunctionExists.cxx.o -c /home/jlebas01/M2/GPGPU/TP4_GPGPU/cmake-build-debug/CMakeFiles/CheckLibraryExists/CheckFunctionExists.cxx
Linking CXX executable cmTC_94d6a
/home/jlebas01/.local/share/JetBrains/Toolbox/apps/CLion/ch-0/193.6911.21/bin/cmake/linux/bin/cmake -E cmake_link_script CMakeFiles/cmTC_94d6a.dir/link.txt --verbose=1
/usr/bin/c++   -DCHECK_FUNCTION_EXISTS=pthread_create    CMakeFiles/cmTC_94d6a.dir/CheckFunctionExists.cxx.o  -o cmTC_94d6a -lpthreads 
/usr/bin/ld : ne peut trouver -lpthreads
collect2: error: ld returned 1 exit status
make[1]: *** [CMakeFiles/cmTC_94d6a.dir/build.make:87: cmTC_94d6a] Error 1
make[1] : on quitte le répertoire « /home/jlebas01/M2/GPGPU/TP4_GPGPU/cmake-build-debug/CMakeFiles/CMakeTmp »
make: *** [Makefile:121: cmTC_94d6a/fast] Error 2



